2025-06-03 12:15:20,507 [INFO] [MySQL] Таблица access_logs найдена, проверяем столбцы...
2025-06-03 12:15:20,512 [INFO] [MySQL] Добавляем столбец user_id...
2025-06-03 12:15:20,931 [INFO] [MySQL] Добавляем столбец card_id...
2025-06-03 12:15:21,120 [INFO] [MySQL] Проверка столбцов завершена.
2025-06-03 12:15:21,120 [INFO] Запуск цикла опроса Access \u2192 MySQL
2025-06-03 12:16:17,335 [INFO] [OK] Вставлено 189579 записей до f_RecID=189579
2025-06-03 12:19:25,491 [INFO] [MySQL] Таблица access_logs найдена, проверяем столбцы...
2025-06-03 12:19:25,494 [INFO] [MySQL] Добавляем столбец raw_id...
2025-06-03 12:19:25,680 [INFO] [MySQL] Добавляем столбец user_id...
2025-06-03 12:19:25,872 [INFO] [MySQL] Добавляем столбец card_id...
2025-06-03 12:19:26,040 [INFO] [MySQL] Добавляем столбец in_out...
2025-06-03 12:19:26,176 [INFO] [MySQL] Добавляем столбец read_date...
2025-06-03 12:19:26,316 [INFO] [MySQL] Добавляем столбец reader_id...
2025-06-03 12:19:26,463 [INFO] [MySQL] Проверка столбцов завершена.
2025-06-03 12:19:26,464 [INFO] Запуск цикла опроса Access \u2192 MySQL
2025-06-03 12:20:19,791 [INFO] [OK] Вставлено 189579 записей до f_RecID=189579
2025-06-03 13:24:57,426 [INFO] [MySQL] Таблица access_logs найдена, проверяем столбцы...
2025-06-03 13:24:57,430 [INFO] [MySQL] Проверка столбцов завершена.
2025-06-03 13:24:57,430 [INFO] Запуск цикла опроса Access \u2192 MySQL
2025-06-03 13:24:59,917 [INFO] [OK] Вставлено 682 записей до f_RecID=190261
